<html>
<head>
<title>TestNG:  Test-Runner 1</title>
<link href="../testng.css" rel="stylesheet" type="text/css" />
<link href="../my-testng.css" rel="stylesheet" type="text/css" />

<style type="text/css">
.log { display: none;} 
.stack-trace { display: none;} 
</style>
<script type="text/javascript">
<!--
function flip(e) {
  current = e.style.display;
  if (current == 'block') {
    e.style.display = 'none';
    return 0;
  }
  else {
    e.style.display = 'block';
    return 1;
  }
}

function toggleBox(szDivId, elem, msg1, msg2)
{
  var res = -1;  if (document.getElementById) {
    res = flip(document.getElementById(szDivId));
  }
  else if (document.all) {
    // this is the way old msie versions work
    res = flip(document.all[szDivId]);
  }
  if(elem) {
    if(res == 0) elem.innerHTML = msg1; else elem.innerHTML = msg2;
  }

}

function toggleAllBoxes() {
  if (document.getElementsByTagName) {
    d = document.getElementsByTagName('div');
    for (i = 0; i < d.length; i++) {
      if (d[i].className == 'log') {
        flip(d[i]);
      }
    }
  }
}

// -->
</script>

</head>
<body>
<h2 align='center'>Test-Runner 1</h2><table border='1' align="center">
<tr>
<td>Tests passed/Failed/Skipped:</td><td>0/0/2</td>
</tr><tr>
<td>Started on:</td><td>Thu Mar 03 18:01:49 IST 2022</td>
</tr>
<tr><td>Total time:</td><td>0 seconds (101 ms)</td>
</tr><tr>
<td>Included groups:</td><td></td>
</tr><tr>
<td>Excluded groups:</td><td></td>
</tr>
</table><p/>
<small><i>(Hover the method name to see the test class name)</i></small><p/>
<table width='100%' border='1' class='invocation-failed'>
<tr><td colspan='4' align='center'><b>FAILED CONFIGURATIONS</b></td></tr>
<tr><td><b>Test method</b></td>
<td width="30%"><b>Exception</b></td>
<td width="10%"><b>Time (seconds)</b></td>
<td><b>Instance</b></td>
</tr>
<tr>
<td title='com.crm.ScriptsUsingGenericUtility.CreateOrgWithIndTypeBaseClass.launchTheBrowser()'><b>launchTheBrowser</b><br>Test class: com.crm.ScriptsUsingGenericUtility.CreateOrgWithIndTypeBaseClass</td>
<td><div><pre>org.testng.TestNGException: 
Parameter &apos;browser&apos; is required by BeforeTest on method launchTheBrowser but has not been marked @Optional or defined
in C:\Users\Vijayalaxmi\OneDrive\Desktop\New folder\ComCastSeleniumFramework-SDET30\testng-DistrParallExcn.xml
	at java.util.concurrent.FutureTask.run(Unknown Source)
	at java.util.concurrent.ThreadPoolExecutor.runWorker(Unknown Source)
	at java.util.concurrent.ThreadPoolExecutor$Worker.run(Unknown Source)
	at java.lang.Thread.run(Unknown Source)
... Removed 12 stack frames</pre></div><a href='#' onClick='toggleBox("stack-trace2048369286", this, "Click to show all stack frames", "Click to hide stack frames")'>Click to show all stack frames</a>
<div class='stack-trace' id='stack-trace2048369286'><pre>org.testng.TestNGException: 
Parameter &apos;browser&apos; is required by BeforeTest on method launchTheBrowser but has not been marked @Optional or defined
in C:\Users\Vijayalaxmi\OneDrive\Desktop\New folder\ComCastSeleniumFramework-SDET30\testng-DistrParallExcn.xml
	at org.testng.internal.Parameters.createParams(Parameters.java:290)
	at org.testng.internal.Parameters.createParametersForMethod(Parameters.java:359)
	at org.testng.internal.Parameters.createParameters(Parameters.java:620)
	at org.testng.internal.Parameters.createConfigurationParameters(Parameters.java:190)
	at org.testng.internal.Invoker.invokeConfigurations(Invoker.java:209)
	at org.testng.internal.Invoker.invokeConfigurations(Invoker.java:142)
	at org.testng.TestRunner.beforeRun(TestRunner.java:529)
	at org.testng.TestRunner.run(TestRunner.java:497)
	at org.testng.SuiteRunner.runTest(SuiteRunner.java:455)
	at org.testng.SuiteRunner.access$000(SuiteRunner.java:40)
	at org.testng.SuiteRunner$SuiteWorker.run(SuiteRunner.java:489)
	at org.testng.internal.thread.ThreadUtil$1.call(ThreadUtil.java:52)
	at java.util.concurrent.FutureTask.run(Unknown Source)
	at java.util.concurrent.ThreadPoolExecutor.runWorker(Unknown Source)
	at java.util.concurrent.ThreadPoolExecutor$Worker.run(Unknown Source)
	at java.lang.Thread.run(Unknown Source)
</pre></div></td>
<td>0</td>
<td>com.crm.ScriptsUsingGenericUtility.CreateOrgWithIndTypeBaseClass@148080bb</td></tr>
<tr>
<td title='com.crm.ScriptsUsingGenericUtility.CreateOrgwithBaseclass.launchTheBrowser()'><b>launchTheBrowser</b><br>Test class: com.crm.ScriptsUsingGenericUtility.CreateOrgwithBaseclass</td>
<td><div><pre>org.testng.TestNGException: 
Parameter &apos;browser&apos; is required by BeforeTest on method launchTheBrowser but has not been marked @Optional or defined
in C:\Users\Vijayalaxmi\OneDrive\Desktop\New folder\ComCastSeleniumFramework-SDET30\testng-DistrParallExcn.xml
	at java.util.concurrent.FutureTask.run(Unknown Source)
	at java.util.concurrent.ThreadPoolExecutor.runWorker(Unknown Source)
	at java.util.concurrent.ThreadPoolExecutor$Worker.run(Unknown Source)
	at java.lang.Thread.run(Unknown Source)
... Removed 12 stack frames</pre></div><a href='#' onClick='toggleBox("stack-trace862826937", this, "Click to show all stack frames", "Click to hide stack frames")'>Click to show all stack frames</a>
<div class='stack-trace' id='stack-trace862826937'><pre>org.testng.TestNGException: 
Parameter &apos;browser&apos; is required by BeforeTest on method launchTheBrowser but has not been marked @Optional or defined
in C:\Users\Vijayalaxmi\OneDrive\Desktop\New folder\ComCastSeleniumFramework-SDET30\testng-DistrParallExcn.xml
	at org.testng.internal.Parameters.createParams(Parameters.java:290)
	at org.testng.internal.Parameters.createParametersForMethod(Parameters.java:359)
	at org.testng.internal.Parameters.createParameters(Parameters.java:620)
	at org.testng.internal.Parameters.createConfigurationParameters(Parameters.java:190)
	at org.testng.internal.Invoker.invokeConfigurations(Invoker.java:209)
	at org.testng.internal.Invoker.invokeConfigurations(Invoker.java:142)
	at org.testng.TestRunner.beforeRun(TestRunner.java:529)
	at org.testng.TestRunner.run(TestRunner.java:497)
	at org.testng.SuiteRunner.runTest(SuiteRunner.java:455)
	at org.testng.SuiteRunner.access$000(SuiteRunner.java:40)
	at org.testng.SuiteRunner$SuiteWorker.run(SuiteRunner.java:489)
	at org.testng.internal.thread.ThreadUtil$1.call(ThreadUtil.java:52)
	at java.util.concurrent.FutureTask.run(Unknown Source)
	at java.util.concurrent.ThreadPoolExecutor.runWorker(Unknown Source)
	at java.util.concurrent.ThreadPoolExecutor$Worker.run(Unknown Source)
	at java.lang.Thread.run(Unknown Source)
</pre></div></td>
<td>0</td>
<td>com.crm.ScriptsUsingGenericUtility.CreateOrgwithBaseclass@2f686d1f</td></tr>
</table><p>
<table width='100%' border='1' class='invocation-skipped'>
<tr><td colspan='4' align='center'><b>SKIPPED CONFIGURATIONS</b></td></tr>
<tr><td><b>Test method</b></td>
<td width="30%"><b>Exception</b></td>
<td width="10%"><b>Time (seconds)</b></td>
<td><b>Instance</b></td>
</tr>
<tr>
<td title='com.crm.ScriptsUsingGenericUtility.CreateOrgWithIndTypeBaseClass.login()'><b>login</b><br>Test class: com.crm.ScriptsUsingGenericUtility.CreateOrgWithIndTypeBaseClass</td>
<td></td>
<td>0</td>
<td>com.crm.ScriptsUsingGenericUtility.CreateOrgWithIndTypeBaseClass@148080bb</td></tr>
<tr>
<td title='com.crm.ScriptsUsingGenericUtility.CreateOrgwithBaseclass.login()'><b>login</b><br>Test class: com.crm.ScriptsUsingGenericUtility.CreateOrgwithBaseclass</td>
<td></td>
<td>0</td>
<td>com.crm.ScriptsUsingGenericUtility.CreateOrgwithBaseclass@2f686d1f</td></tr>
<tr>
<td title='com.crm.ScriptsUsingGenericUtility.CreateContactWithOrgUsingBaseClass.login()'><b>login</b><br>Test class: com.crm.ScriptsUsingGenericUtility.CreateContactWithOrgUsingBaseClass</td>
<td></td>
<td>0</td>
<td>com.crm.ScriptsUsingGenericUtility.CreateContactWithOrgUsingBaseClass@3fee9989</td></tr>
<tr>
<td title='com.crm.ScriptsUsingGenericUtility.CreateOrgWithIndTypeBaseClass.login()'><b>login</b><br>Test class: com.crm.ScriptsUsingGenericUtility.CreateOrgWithIndTypeBaseClass</td>
<td></td>
<td>0</td>
<td>com.crm.ScriptsUsingGenericUtility.CreateOrgWithIndTypeBaseClass@148080bb</td></tr>
<tr>
<td title='com.crm.ScriptsUsingGenericUtility.CreateOrgwithBaseclass.logout()'><b>logout</b><br>Test class: com.crm.ScriptsUsingGenericUtility.CreateOrgwithBaseclass</td>
<td></td>
<td>0</td>
<td>com.crm.ScriptsUsingGenericUtility.CreateOrgwithBaseclass@2f686d1f</td></tr>
<tr>
<td title='com.crm.ScriptsUsingGenericUtility.CreateContactWithOrgUsingBaseClass.logout()'><b>logout</b><br>Test class: com.crm.ScriptsUsingGenericUtility.CreateContactWithOrgUsingBaseClass</td>
<td></td>
<td>0</td>
<td>com.crm.ScriptsUsingGenericUtility.CreateContactWithOrgUsingBaseClass@3fee9989</td></tr>
<tr>
<td title='com.crm.ScriptsUsingGenericUtility.CreateOrgWithIndTypeBaseClass.logout()'><b>logout</b><br>Test class: com.crm.ScriptsUsingGenericUtility.CreateOrgWithIndTypeBaseClass</td>
<td></td>
<td>0</td>
<td>com.crm.ScriptsUsingGenericUtility.CreateOrgWithIndTypeBaseClass@148080bb</td></tr>
<tr>
<td title='com.crm.ScriptsUsingGenericUtility.CreateOrgwithBaseclass.closeBrowser()'><b>closeBrowser</b><br>Test class: com.crm.ScriptsUsingGenericUtility.CreateOrgwithBaseclass</td>
<td></td>
<td>0</td>
<td>com.crm.ScriptsUsingGenericUtility.CreateOrgwithBaseclass@2f686d1f</td></tr>
<tr>
<td title='com.crm.ScriptsUsingGenericUtility.CreateContactWithOrgUsingBaseClass.closeBrowser()'><b>closeBrowser</b><br>Test class: com.crm.ScriptsUsingGenericUtility.CreateContactWithOrgUsingBaseClass</td>
<td></td>
<td>0</td>
<td>com.crm.ScriptsUsingGenericUtility.CreateContactWithOrgUsingBaseClass@3fee9989</td></tr>
</table><p>
<table width='100%' border='1' class='invocation-skipped'>
<tr><td colspan='4' align='center'><b>SKIPPED TESTS</b></td></tr>
<tr><td><b>Test method</b></td>
<td width="30%"><b>Exception</b></td>
<td width="10%"><b>Time (seconds)</b></td>
<td><b>Instance</b></td>
</tr>
<tr>
<td title='com.crm.ScriptsUsingGenericUtility.CreateContactWithOrgUsingBaseClass.createContactWithOrgTest()'><b>createContactWithOrgTest</b><br>Test class: com.crm.ScriptsUsingGenericUtility.CreateContactWithOrgUsingBaseClass</td>
<td><div><pre>org.testng.TestNGException: 
Parameter &apos;browser&apos; is required by BeforeTest on method launchTheBrowser but has not been marked @Optional or defined
in C:\Users\Vijayalaxmi\OneDrive\Desktop\New folder\ComCastSeleniumFramework-SDET30\testng-DistrParallExcn.xml
	at java.util.concurrent.FutureTask.run(Unknown Source)
	at java.util.concurrent.ThreadPoolExecutor.runWorker(Unknown Source)
	at java.util.concurrent.ThreadPoolExecutor$Worker.run(Unknown Source)
	at java.lang.Thread.run(Unknown Source)
... Removed 12 stack frames</pre></div><a href='#' onClick='toggleBox("stack-trace1297763597", this, "Click to show all stack frames", "Click to hide stack frames")'>Click to show all stack frames</a>
<div class='stack-trace' id='stack-trace1297763597'><pre>org.testng.TestNGException: 
Parameter &apos;browser&apos; is required by BeforeTest on method launchTheBrowser but has not been marked @Optional or defined
in C:\Users\Vijayalaxmi\OneDrive\Desktop\New folder\ComCastSeleniumFramework-SDET30\testng-DistrParallExcn.xml
	at org.testng.internal.Parameters.createParams(Parameters.java:290)
	at org.testng.internal.Parameters.createParametersForMethod(Parameters.java:359)
	at org.testng.internal.Parameters.createParameters(Parameters.java:620)
	at org.testng.internal.Parameters.createConfigurationParameters(Parameters.java:190)
	at org.testng.internal.Invoker.invokeConfigurations(Invoker.java:209)
	at org.testng.internal.Invoker.invokeConfigurations(Invoker.java:142)
	at org.testng.TestRunner.beforeRun(TestRunner.java:529)
	at org.testng.TestRunner.run(TestRunner.java:497)
	at org.testng.SuiteRunner.runTest(SuiteRunner.java:455)
	at org.testng.SuiteRunner.access$000(SuiteRunner.java:40)
	at org.testng.SuiteRunner$SuiteWorker.run(SuiteRunner.java:489)
	at org.testng.internal.thread.ThreadUtil$1.call(ThreadUtil.java:52)
	at java.util.concurrent.FutureTask.run(Unknown Source)
	at java.util.concurrent.ThreadPoolExecutor.runWorker(Unknown Source)
	at java.util.concurrent.ThreadPoolExecutor$Worker.run(Unknown Source)
	at java.lang.Thread.run(Unknown Source)
</pre></div></td>
<td>0</td>
<td>com.crm.ScriptsUsingGenericUtility.CreateContactWithOrgUsingBaseClass@3fee9989</td></tr>
<tr>
<td title='com.crm.ScriptsUsingGenericUtility.CreateOrgwithBaseclass.createOrgTest()'><b>createOrgTest</b><br>Test class: com.crm.ScriptsUsingGenericUtility.CreateOrgwithBaseclass</td>
<td><div><pre>org.testng.TestNGException: 
Parameter &apos;browser&apos; is required by BeforeTest on method launchTheBrowser but has not been marked @Optional or defined
in C:\Users\Vijayalaxmi\OneDrive\Desktop\New folder\ComCastSeleniumFramework-SDET30\testng-DistrParallExcn.xml
	at java.util.concurrent.FutureTask.run(Unknown Source)
	at java.util.concurrent.ThreadPoolExecutor.runWorker(Unknown Source)
	at java.util.concurrent.ThreadPoolExecutor$Worker.run(Unknown Source)
	at java.lang.Thread.run(Unknown Source)
... Removed 12 stack frames</pre></div><a href='#' onClick='toggleBox("stack-trace111412438", this, "Click to show all stack frames", "Click to hide stack frames")'>Click to show all stack frames</a>
<div class='stack-trace' id='stack-trace111412438'><pre>org.testng.TestNGException: 
Parameter &apos;browser&apos; is required by BeforeTest on method launchTheBrowser but has not been marked @Optional or defined
in C:\Users\Vijayalaxmi\OneDrive\Desktop\New folder\ComCastSeleniumFramework-SDET30\testng-DistrParallExcn.xml
	at org.testng.internal.Parameters.createParams(Parameters.java:290)
	at org.testng.internal.Parameters.createParametersForMethod(Parameters.java:359)
	at org.testng.internal.Parameters.createParameters(Parameters.java:620)
	at org.testng.internal.Parameters.createConfigurationParameters(Parameters.java:190)
	at org.testng.internal.Invoker.invokeConfigurations(Invoker.java:209)
	at org.testng.internal.Invoker.invokeConfigurations(Invoker.java:142)
	at org.testng.TestRunner.beforeRun(TestRunner.java:529)
	at org.testng.TestRunner.run(TestRunner.java:497)
	at org.testng.SuiteRunner.runTest(SuiteRunner.java:455)
	at org.testng.SuiteRunner.access$000(SuiteRunner.java:40)
	at org.testng.SuiteRunner$SuiteWorker.run(SuiteRunner.java:489)
	at org.testng.internal.thread.ThreadUtil$1.call(ThreadUtil.java:52)
	at java.util.concurrent.FutureTask.run(Unknown Source)
	at java.util.concurrent.ThreadPoolExecutor.runWorker(Unknown Source)
	at java.util.concurrent.ThreadPoolExecutor$Worker.run(Unknown Source)
	at java.lang.Thread.run(Unknown Source)
</pre></div></td>
<td>0</td>
<td>com.crm.ScriptsUsingGenericUtility.CreateOrgwithBaseclass@2f686d1f</td></tr>
</table><p>
</body>
</html>