<?xml version="1.0" encoding="UTF-8"?>
<!-- Generated by org.testng.reporters.JUnitReportReporter -->
<testsuite skipped="0" hostname="DESKTOP-EUNFVH5" name="com.crm.ContactTests.CreateHealthCareIndExistingOrgTest" tests="1" failures="0" timestamp="31 Mar 2022 08:41:06 GMT" time="1196686.875" errors="1">
  <testcase name="createHealthCareIndustryTest" time="1196686.875" classname="com.crm.ContactTests.CreateHealthCareIndExistingOrgTest">
    <error type="org.openqa.selenium.SessionNotCreatedException" message="session not created
from disconnected: received Inspector.detached event
  (Session info: chrome=99.0.4844.84)
Build info: version: &#039;3.141.59&#039;, revision: &#039;e82be7d358&#039;, time: &#039;2018-11-14T08:17:03&#039;
System info: host: &#039;DESKTOP-EUNFVH5&#039;, ip: &#039;127.0.0.1&#039;, os.name: &#039;Windows 10&#039;, os.arch: &#039;amd64&#039;, os.version: &#039;10.0&#039;, java.version: &#039;1.8.0_301&#039;
Driver info: driver.version: ChromeDriver
remote stacktrace: Backtrace:
	Ordinal0 [0x009069A3+2582947]
	Ordinal0 [0x0089A6D1+2139857]
	Ordinal0 [0x00793A98+1063576]
	Ordinal0 [0x00786410+1008656]
	Ordinal0 [0x00785FE3+1007587]
	Ordinal0 [0x007855F0+1005040]
	Ordinal0 [0x00784727+1001255]
	Ordinal0 [0x007849E6+1001958]
	Ordinal0 [0x007842C5+1000133]
	Ordinal0 [0x0078F993+1046931]
	Ordinal0 [0x00784275+1000053]
	Ordinal0 [0x007851F8+1004024]
	Ordinal0 [0x00784727+1001255]
	Ordinal0 [0x007849E6+1001958]
	Ordinal0 [0x007842C5+1000133]
	Ordinal0 [0x0078D6D3+1038035]
	Ordinal0 [0x00784275+1000053]
	Ordinal0 [0x007851F8+1004024]
	Ordinal0 [0x00784727+1001255]
	Ordinal0 [0x007849E6+1001958]
	Ordinal0 [0x007842C5+1000133]
	Ordinal0 [0x0078B3B9+1029049]
	Ordinal0 [0x00784275+1000053]
	Ordinal0 [0x007851F8+1004024]
	Ordinal0 [0x00784727+1001255]
	Ordinal0 [0x00784AF7+1002231]
	Ordinal0 [0x00784AA8+1002152]
	Ordinal0 [0x0078A566+1025382]
	Ordinal0 [0x00784275+1000053]
	Ordinal0 [0x007851F8+1004024]
	Ordinal0 [0x00784727+1001255]
	Ordinal0 [0x007849E6+1001958]
	Ordinal0 [0x007842C5+1000133]
	Ordinal0 [0x0077FC8D+982157]
	Ordinal0 [0x00784275+1000053]
	Ordinal0 [0x00784000+999424]
	Ordinal0 [0x00783D49+998729]
	Ordinal0 [0x00794DD0+1068496]
	Ordinal0 [0x007DE03C+1368124]
	Ordinal0 [0x007DCC2A+1362986]
	Ordinal0 [0x007D8366+1344358]
	Ordinal0 [0x007B5176+1200502]
	Ordinal0 [0x007B6066+1204326]
	GetHandleVerifier [0x00AABE02+1675858]
	GetHandleVerifier [0x00B6036C+2414524]
	GetHandleVerifier [0x0099BB01+560977]
	GetHandleVerifier [0x0099A8D3+556323]
	Ordinal0 [0x008A020E+2163214]
	Ordinal0 [0x008A5078+2183288]
	Ordinal0 [0x008A51C0+2183616]
	Ordinal0 [0x008AEE1C+2223644]
	BaseThreadInitThunk [0x7671FA29+25]
	RtlGetAppContainerNamedObjectPath [0x77707A9E+286]
	RtlGetAppContainerNamedObjectPath [0x77707A6E+238]
">
      <![CDATA[org.openqa.selenium.SessionNotCreatedException: session not created
from disconnected: received Inspector.detached event
  (Session info: chrome=99.0.4844.84)
Build info: version: '3.141.59', revision: 'e82be7d358', time: '2018-11-14T08:17:03'
System info: host: 'DESKTOP-EUNFVH5', ip: '127.0.0.1', os.name: 'Windows 10', os.arch: 'amd64', os.version: '10.0', java.version: '1.8.0_301'
Driver info: driver.version: ChromeDriver
remote stacktrace: Backtrace:
Ordinal0 [0x009069A3+2582947]
Ordinal0 [0x0089A6D1+2139857]
Ordinal0 [0x00793A98+1063576]
Ordinal0 [0x00786410+1008656]
Ordinal0 [0x00785FE3+1007587]
Ordinal0 [0x007855F0+1005040]
Ordinal0 [0x00784727+1001255]
Ordinal0 [0x007849E6+1001958]
Ordinal0 [0x007842C5+1000133]
Ordinal0 [0x0078F993+1046931]
Ordinal0 [0x00784275+1000053]
Ordinal0 [0x007851F8+1004024]
Ordinal0 [0x00784727+1001255]
Ordinal0 [0x007849E6+1001958]
Ordinal0 [0x007842C5+1000133]
Ordinal0 [0x0078D6D3+1038035]
Ordinal0 [0x00784275+1000053]
Ordinal0 [0x007851F8+1004024]
Ordinal0 [0x00784727+1001255]
Ordinal0 [0x007849E6+1001958]
Ordinal0 [0x007842C5+1000133]
Ordinal0 [0x0078B3B9+1029049]
Ordinal0 [0x00784275+1000053]
Ordinal0 [0x007851F8+1004024]
Ordinal0 [0x00784727+1001255]
Ordinal0 [0x00784AF7+1002231]
Ordinal0 [0x00784AA8+1002152]
Ordinal0 [0x0078A566+1025382]
Ordinal0 [0x00784275+1000053]
Ordinal0 [0x007851F8+1004024]
Ordinal0 [0x00784727+1001255]
Ordinal0 [0x007849E6+1001958]
Ordinal0 [0x007842C5+1000133]
Ordinal0 [0x0077FC8D+982157]
Ordinal0 [0x00784275+1000053]
Ordinal0 [0x00784000+999424]
Ordinal0 [0x00783D49+998729]
Ordinal0 [0x00794DD0+1068496]
Ordinal0 [0x007DE03C+1368124]
Ordinal0 [0x007DCC2A+1362986]
Ordinal0 [0x007D8366+1344358]
Ordinal0 [0x007B5176+1200502]
Ordinal0 [0x007B6066+1204326]
GetHandleVerifier [0x00AABE02+1675858]
GetHandleVerifier [0x00B6036C+2414524]
GetHandleVerifier [0x0099BB01+560977]
GetHandleVerifier [0x0099A8D3+556323]
Ordinal0 [0x008A020E+2163214]
Ordinal0 [0x008A5078+2183288]
Ordinal0 [0x008A51C0+2183616]
Ordinal0 [0x008AEE1C+2223644]
BaseThreadInitThunk [0x7671FA29+25]
RtlGetAppContainerNamedObjectPath [0x77707A9E+286]
RtlGetAppContainerNamedObjectPath [0x77707A6E+238]

at sun.reflect.NativeConstructorAccessorImpl.newInstance0(Native Method)
at sun.reflect.NativeConstructorAccessorImpl.newInstance(Unknown Source)
at sun.reflect.DelegatingConstructorAccessorImpl.newInstance(Unknown Source)
at java.lang.reflect.Constructor.newInstance(Unknown Source)
at org.openqa.selenium.remote.W3CHandshakeResponse.lambda$errorHandler$0(W3CHandshakeResponse.java:62)
at org.openqa.selenium.remote.HandshakeResponse.lambda$getResponseFunction$0(HandshakeResponse.java:30)
at org.openqa.selenium.remote.ProtocolHandshake.lambda$createSession$0(ProtocolHandshake.java:126)
at java.util.stream.ReferencePipeline$3$1.accept(Unknown Source)
at java.util.Spliterators$ArraySpliterator.tryAdvance(Unknown Source)
at java.util.stream.ReferencePipeline.forEachWithCancel(Unknown Source)
at java.util.stream.AbstractPipeline.copyIntoWithCancel(Unknown Source)
at java.util.stream.AbstractPipeline.copyInto(Unknown Source)
at java.util.stream.AbstractPipeline.wrapAndCopyInto(Unknown Source)
at java.util.stream.FindOps$FindOp.evaluateSequential(Unknown Source)
at java.util.stream.AbstractPipeline.evaluate(Unknown Source)
at java.util.stream.ReferencePipeline.findFirst(Unknown Source)
at org.openqa.selenium.remote.ProtocolHandshake.createSession(ProtocolHandshake.java:128)
at org.openqa.selenium.remote.ProtocolHandshake.createSession(ProtocolHandshake.java:74)
at org.openqa.selenium.remote.HttpCommandExecutor.execute(HttpCommandExecutor.java:136)
at org.openqa.selenium.remote.service.DriverCommandExecutor.execute(DriverCommandExecutor.java:83)
at org.openqa.selenium.remote.RemoteWebDriver.execute(RemoteWebDriver.java:552)
at org.openqa.selenium.remote.RemoteWebDriver.startSession(RemoteWebDriver.java:213)
at org.openqa.selenium.remote.RemoteWebDriver.<init>(RemoteWebDriver.java:131)
at org.openqa.selenium.chrome.ChromeDriver.<init>(ChromeDriver.java:181)
at org.openqa.selenium.chrome.ChromeDriver.<init>(ChromeDriver.java:168)
at org.openqa.selenium.chrome.ChromeDriver.<init>(ChromeDriver.java:123)
at com.crm.ContactTests.CreateHealthCareIndExistingOrgTest.createHealthCareIndustryTest(CreateHealthCareIndExistingOrgTest.java:61)
at sun.reflect.NativeMethodAccessorImpl.invoke0(Native Method)
at sun.reflect.NativeMethodAccessorImpl.invoke(Unknown Source)
at sun.reflect.DelegatingMethodAccessorImpl.invoke(Unknown Source)
at java.lang.reflect.Method.invoke(Unknown Source)
at org.testng.internal.MethodInvocationHelper.invokeMethod(MethodInvocationHelper.java:124)
at org.testng.internal.Invoker.invokeMethod(Invoker.java:583)
at org.testng.internal.Invoker.invokeTestMethod(Invoker.java:719)
at org.testng.internal.Invoker.invokeTestMethods(Invoker.java:989)
at org.testng.internal.TestMethodWorker.invokeTestMethods(TestMethodWorker.java:125)
at org.testng.internal.TestMethodWorker.run(TestMethodWorker.java:109)
at org.testng.TestRunner.privateRun(TestRunner.java:648)
at org.testng.TestRunner.run(TestRunner.java:505)
at org.testng.SuiteRunner.runTest(SuiteRunner.java:455)
at org.testng.SuiteRunner.runSequentially(SuiteRunner.java:450)
at org.testng.SuiteRunner.privateRun(SuiteRunner.java:415)
at org.testng.SuiteRunner.run(SuiteRunner.java:364)
at org.testng.SuiteRunnerWorker.runSuite(SuiteRunnerWorker.java:52)
at org.testng.SuiteRunnerWorker.run(SuiteRunnerWorker.java:84)
at org.testng.TestNG.runSuitesSequentially(TestNG.java:1208)
at org.testng.TestNG.runSuitesLocally(TestNG.java:1137)
at org.testng.TestNG.runSuites(TestNG.java:1049)
at org.testng.TestNG.run(TestNG.java:1017)
at org.testng.remote.AbstractRemoteTestNG.run(AbstractRemoteTestNG.java:114)
at org.testng.remote.RemoteTestNG.initAndRun(RemoteTestNG.java:251)
at org.testng.remote.RemoteTestNG.main(RemoteTestNG.java:77)
]]>
    </error>
  </testcase> <!-- createHealthCareIndustryTest -->
</testsuite> <!-- com.crm.ContactTests.CreateHealthCareIndExistingOrgTest -->
